<?xml version="1.0" encoding="UTF-8"?>
<!-- Generated by org.testng.reporters.JUnitReportReporter -->
<testsuite hostname="DESKTOP-I6MKJFC" failures="0" tests="2" name="com.restapi.testcases.SingleUser" time="1.617" errors="0" timestamp="2022-03-04T12:08:49 GMT-05:00" skipped="0">
  <testcase classname="com.restapi.testcases.SingleUser" name="checkResponseBody" time="0.070"/>
  <system-out/>
  <testcase classname="com.restapi.testcases.SingleUser" name="singleuserNotFound" time="1.547"/>
  <system-out/>
</testsuite> <!-- com.restapi.testcases.SingleUser -->
