<?xml version="1.0" encoding="UTF-8"?>
<!-- Generated by org.testng.reporters.JUnitReportReporter -->
<testsuite hostname="DESKTOP-I6MKJFC" failures="0" tests="2" name="com.restapi.testcases.Login" time="3.933" errors="0" timestamp="2022-03-04T15:01:26 GMT-05:00" skipped="0">
  <testcase classname="com.restapi.testcases.Login" name="checkResponseBody" time="0.053"/>
  <system-out/>
  <testcase classname="com.restapi.testcases.Login" name="login" time="3.880"/>
  <system-out/>
</testsuite> <!-- com.restapi.testcases.Login -->
