<?xml version="1.0" encoding="UTF-8"?>
<!-- Generated by org.testng.reporters.JUnitReportReporter -->
<testsuite hostname="DESKTOP-I6MKJFC" failures="0" tests="1" name="com.restapi.testcases.CreateUser" time="0.084" errors="0" timestamp="2022-03-04T14:55:19 GMT-05:00" skipped="0">
  <testcase classname="com.restapi.testcases.CreateUser" name="checkResponseBody" time="0.084"/>
  <system-out/>
</testsuite> <!-- com.restapi.testcases.CreateUser -->
