<?xml version="1.0" encoding="UTF-8"?>
<!-- Generated by org.testng.reporters.JUnitReportReporter -->
<testsuite hostname="DESKTOP-I6MKJFC" failures="0" tests="4" name="com.restapi.testcases.RegisterUser" time="5.435" errors="0" timestamp="2022-03-04T14:54:20 GMT-05:00" skipped="0">
  <testcase classname="com.restapi.testcases.RegisterUser" name="checkResponseBody" time="0.117"/>
  <system-out/>
  <testcase classname="com.restapi.testcases.RegisterUser" name="unSuccessFull" time="1.010"/>
  <system-out/>
  <testcase classname="com.restapi.testcases.RegisterUser" name="register" time="4.305"/>
  <system-out/>
  <testcase classname="com.restapi.testcases.RegisterUser" name="checkUnSuccessfulResponseBody" time="0.003"/>
  <system-out/>
</testsuite> <!-- com.restapi.testcases.RegisterUser -->
