<?xml version="1.0" encoding="UTF-8"?>
<!-- Generated by org.testng.reporters.JUnitReportReporter -->
<testsuite hostname="DESKTOP-I6MKJFC" failures="0" tests="1" name="com.restapi.testcases.UpdateClass" time="0.060" errors="0" timestamp="2022-03-04T15:08:24 GMT-05:00" skipped="0">
  <testcase classname="com.restapi.testcases.UpdateClass" name="checkResponseBody" time="0.060"/>
  <system-out/>
</testsuite> <!-- com.restapi.testcases.UpdateClass -->
