<?xml version="1.0" encoding="UTF-8"?>
<!-- Generated by org.testng.reporters.JUnitReportReporter -->
<testsuite hostname="DESKTOP-I6MKJFC" failures="0" tests="1" name="apiPackage.GetRequest" time="3.253" errors="0" timestamp="2022-03-03T10:23:02 GMT-05:00" skipped="0">
  <testcase classname="apiPackage.GetRequest" name="getDetails" time="3.253"/>
  <system-out/>
</testsuite> <!-- apiPackage.GetRequest -->
